<?xml version="1.0" encoding="UTF-8"?>
<!-- Generated by org.testng.reporters.JUnitReportReporter -->
<testsuite hostname="DESKTOP-QL5DTGM" failures="0" tests="1" name="com.joom.automation.SystemTestCases.ShoppingCarttTest" time="20.074" errors="0" timestamp="2025-03-17T15:40:57 IST" skipped="0">
  <testcase classname="com.joom.automation.SystemTestCases.ShoppingCarttTest" name="shoppingCarttTest" time="20.074">
    <system-out>
      <![CDATA[Shopping cart test passed successfully.]]>
    </system-out>
  </testcase> <!-- shoppingCarttTest -->
  <system-out>
    <![CDATA[=== Connecting to Database and Configuring Reports ===
=== Launching Browser ===
=== Logging into Application ===
Shopping cart test passed successfully.
=== Logging out of Application ===
=== Closing DB Connection and Generating Reports ===]]>
  </system-out>
</testsuite> <!-- com.joom.automation.SystemTestCases.ShoppingCarttTest -->
