<?xml version="1.0" encoding="UTF-8"?>
<!-- Generated by org.testng.reporters.JUnitReportReporter -->
<testsuite hostname="DESKTOP-QL5DTGM" failures="0" tests="1" name="com.joom.automation.SystemTestCases.VerifyTodaysOrderTest" time="4.587" errors="0" timestamp="2025-03-17T15:43:47 IST" skipped="0">
  <testcase classname="com.joom.automation.SystemTestCases.VerifyTodaysOrderTest" name="todaysOrders" time="4.587"/>
  <system-out>
    <![CDATA[=== Connecting to Database and Configuring Reports ===
=== Launching Browser ===
=== Logging into Application ===
=== Logging out of Application ===
=== Closing DB Connection and Generating Reports ===]]>
  </system-out>
</testsuite> <!-- com.joom.automation.SystemTestCases.VerifyTodaysOrderTest -->
