<?xml version="1.0" encoding="UTF-8"?>
<!-- Generated by org.testng.reporters.JUnitReportReporter -->
<testsuite hostname="DESKTOP-QL5DTGM" failures="0" tests="1" name="com.joom.automation.IntegrationTestCases.UserProductSearchTest" time="17.948" errors="0" timestamp="2025-03-17T14:34:06 IST" skipped="0">
  <testcase classname="com.joom.automation.IntegrationTestCases.UserProductSearchTest" name="userProductSearchTest" time="17.948">
    <system-out>
      <![CDATA[searched product displayed successfully.]]>
    </system-out>
  </testcase> <!-- userProductSearchTest -->
  <system-out>
    <![CDATA[=== Connecting to Database and Configuring Reports ===
=== Launching Browser ===
=== Logging into Application ===
searched product displayed successfully.
=== Logging out of Application ===
=== Closing DB Connection and Generating Reports ===]]>
  </system-out>
</testsuite> <!-- com.joom.automation.IntegrationTestCases.UserProductSearchTest -->
