<?xml version="1.0" encoding="UTF-8"?>
<!-- Generated by org.testng.reporters.JUnitReportReporter -->
<testsuite hostname="DESKTOP-QL5DTGM" failures="0" tests="1" name="com.joom.automation.IntegrationTestCases.UserWishlistTest" time="19.213" errors="0" timestamp="2025-03-18T06:35:45 IST" skipped="0">
  <testcase classname="com.joom.automation.IntegrationTestCases.UserWishlistTest" name="userWishlistTest" time="19.213">
    <system-out>
      <![CDATA[My Wishlist page has been displayed.]]>
    </system-out>
  </testcase> <!-- userWishlistTest -->
  <system-out>
    <![CDATA[=== Connecting to Database and Configuring Reports ===
=== Launching Browser ===
=== Logging into Application ===
My Wishlist page has been displayed.
=== Logging out of Application ===
=== Closing DB Connection and Generating Reports ===]]>
  </system-out>
</testsuite> <!-- com.joom.automation.IntegrationTestCases.UserWishlistTest -->
