<?xml version="1.0" encoding="UTF-8"?>
<!-- Generated by org.testng.reporters.JUnitReportReporter -->
<testsuite hostname="DESKTOP-QL5DTGM" failures="0" tests="1" name="com.joom.automation.IntegrationTestCases.CreateSubCategory" time="7.612" errors="0" timestamp="2025-03-12T16:16:56 IST" skipped="0">
  <testcase classname="com.joom.automation.IntegrationTestCases.CreateSubCategory" name="insertSubcategory" time="7.612">
    <system-out>
      <![CDATA[created sub category]]>
    </system-out>
  </testcase> <!-- insertSubcategory -->
  <system-out>
    <![CDATA[=== Connecting to Database and Configuring Reports ===
=== Launching Browser ===
=== Logging into Application ===
created sub category
=== Logging out of Application ===
=== Closing DB Connection and Generating Reports ===]]>
  </system-out>
</testsuite> <!-- com.joom.automation.IntegrationTestCases.CreateSubCategory -->
