<?xml version="1.0" encoding="UTF-8"?>
<!-- Generated by org.testng.reporters.JUnitReportReporter -->
<testsuite hostname="DESKTOP-QL5DTGM" failures="0" tests="1" name="com.joom.automation.package1.ShoppingCart" time="32.952" errors="0" timestamp="2025-03-10T15:26:56 IST" skipped="0">
  <testcase classname="com.joom.automation.package1.ShoppingCart" name="addProductToCart" time="32.952"/>
</testsuite> <!-- com.joom.automation.package1.ShoppingCart -->
