<?xml version="1.0" encoding="UTF-8"?>
<!-- Generated by org.testng.reporters.JUnitReportReporter -->
<testsuite hostname="DESKTOP-QL5DTGM" failures="0" tests="1" name="com.joom.automation.IntegrationTestCases.ManageProducts" time="3.125" errors="0" timestamp="2025-03-12T15:08:48 IST" skipped="0">
  <testcase classname="com.joom.automation.IntegrationTestCases.ManageProducts" name="deleteProducts" time="3.125"/>
  <system-out>
    <![CDATA[=== Connecting to Database and Configuring Reports ===
=== Launching Browser ===
=== Logging into Application ===
=== Logging out of Application ===
=== Closing DB Connection and Generating Reports ===]]>
  </system-out>
</testsuite> <!-- com.joom.automation.IntegrationTestCases.ManageProducts -->
