<?xml version="1.0" encoding="UTF-8"?>
<!-- Generated by org.testng.reporters.JUnitReportReporter -->
<testsuite hostname="DESKTOP-QL5DTGM" failures="0" tests="1" name="com.joom.automation.IntegrationTestCases.CreateSubCategoryTest" time="6.964" errors="0" timestamp="2025-03-18T06:17:20 IST" skipped="0">
  <testcase classname="com.joom.automation.IntegrationTestCases.CreateSubCategoryTest" name="insertSubcategory" time="6.964">
    <system-out>
      <![CDATA[Sub-category created successfully]]>
    </system-out>
  </testcase> <!-- insertSubcategory -->
  <system-out>
    <![CDATA[=== Connecting to Database and Configuring Reports ===
=== Launching Browser ===
=== Logging into Application ===
Sub-category created successfully
=== Logging out of Application ===
=== Closing DB Connection and Generating Reports ===]]>
  </system-out>
</testsuite> <!-- com.joom.automation.IntegrationTestCases.CreateSubCategoryTest -->
