<?xml version="1.0" encoding="UTF-8"?>
<!-- Generated by org.testng.reporters.JUnitReportReporter -->
<testsuite hostname="DESKTOP-QL5DTGM" failures="0" tests="1" name="com.joom.automation.IntegrationTestCases.UserWishlistTest" time="23.718" errors="0" timestamp="2025-03-17T13:29:19 IST" skipped="0">
  <testcase classname="com.joom.automation.IntegrationTestCases.UserWishlistTest" name="userWishlistTest" time="23.718">
    <system-out>
      <![CDATA[mywishlist page has been displayed.]]>
    </system-out>
  </testcase> <!-- userWishlistTest -->
  <system-out>
    <![CDATA[=== Connecting to Database and Configuring Reports ===
=== Launching Browser ===
=== Logging into Application ===
mywishlist page has been displayed.
=== Logging out of Application ===
=== Closing DB Connection and Generating Reports ===]]>
  </system-out>
</testsuite> <!-- com.joom.automation.IntegrationTestCases.UserWishlistTest -->
